<?xml version="1.0" encoding="UTF-8"?>
<!-- Generated by org.testng.reporters.JUnitReportReporter -->
<testsuite skipped="0" hostname="LMIPL-184" name="TestRunner" tests="2" failures="0" timestamp="2021-03-09T17:11:07 IST" time="114.577" errors="0">
  <testcase name="runScenario" time="53.061" classname="TestRunner"/>
  <system-out/>
  <testcase name="runScenario" time="61.516" classname="TestRunner"/>
  <system-out/>
</testsuite> <!-- TestRunner -->
