<?xml version="1.0" encoding="UTF-8"?>
<!-- Generated by org.testng.reporters.JUnitReportReporter -->
<testsuite skipped="0" hostname="LMIPL-184" name="naveen.E2EProject.ValidateTitle" tests="1" failures="0" timestamp="2021-03-09T17:58:41 IST" time="0.005" errors="0">
  <testcase name="basePageNavigation" time="0.005" classname="naveen.E2EProject.ValidateTitle"/>
  <system-out/>
</testsuite> <!-- naveen.E2EProject.ValidateTitle -->
