<?xml version="1.0" encoding="UTF-8"?>
<!-- Generated by org.testng.reporters.JUnitReportReporter -->
<testsuite skipped="0" hostname="LMIPL-184" name="naveen.E2EProject.HomePage" tests="2" failures="0" timestamp="2021-03-09T17:58:41 IST" time="124.668" errors="0">
  <testcase name="basePageNavigation" time="64.564" classname="naveen.E2EProject.HomePage"/>
  <system-out/>
  <testcase name="basePageNavigation" time="60.104" classname="naveen.E2EProject.HomePage"/>
  <system-out/>
</testsuite> <!-- naveen.E2EProject.HomePage -->
