<?xml version="1.0" encoding="UTF-8"?>
<!-- Generated by org.testng.reporters.JUnitReportReporter -->
<testsuite skipped="0" hostname="LMIPL-184" name="TestRunner" tests="2" failures="0" timestamp="2021-03-09T18:05:28 IST" time="150.044" errors="0">
  <testcase name="runScenario" time="65.964" classname="TestRunner"/>
  <system-out/>
  <testcase name="runScenario" time="84.080" classname="TestRunner"/>
  <system-out/>
</testsuite> <!-- TestRunner -->
