<?xml version="1.0" encoding="UTF-8"?>
<!-- Generated by org.testng.reporters.JUnitReportReporter -->
<testsuite skipped="0" hostname="LMIPL-184" name="naveen.E2EProject.HomePage" tests="2" failures="0" timestamp="2021-03-09T18:05:28 IST" time="137.524" errors="0">
  <testcase name="basePageNavigation" time="70.468" classname="naveen.E2EProject.HomePage"/>
  <system-out/>
  <testcase name="basePageNavigation" time="67.056" classname="naveen.E2EProject.HomePage"/>
  <system-out/>
</testsuite> <!-- naveen.E2EProject.HomePage -->
