<?xml version="1.0" encoding="UTF-8"?>
<!-- Generated by org.testng.reporters.JUnitReportReporter -->
<testsuite skipped="0" hostname="LMIPL-184" name="naveen.E2EProject.ValidateNavigationBar" tests="1" failures="0" timestamp="2021-03-09T18:05:28 IST" time="0.866" errors="0">
  <testcase name="basePageNavigation" time="0.866" classname="naveen.E2EProject.ValidateNavigationBar"/>
  <system-out/>
</testsuite> <!-- naveen.E2EProject.ValidateNavigationBar -->
